<?xml version="1.0" encoding="utf-8"?><testsuites name="pytest tests"><testsuite name="pytest" errors="0" failures="0" skipped="0" tests="37" time="118.904" timestamp="2026-06-06T09:19:16.081006+00:00" hostname="agent-env-7b851e8f-95c6-4749-a536-c936c1377d91"><testcase classname="backend.tests.test_backend.TestAuth" name="test_admin_login" time="2.058" /><testcase classname="backend.tests.test_backend.TestAuth" name="test_manager_login" time="0.977" /><testcase classname="backend.tests.test_backend.TestAuth" name="test_staff_login" time="0.977" /><testcase classname="backend.tests.test_backend.TestAuth" name="test_me_admin" time="0.990" /><testcase classname="backend.tests.test_backend.TestAuth" name="test_me_invalid_token" time="0.046" /><testcase classname="backend.tests.test_backend.TestAuth" name="test_login_wrong_password" time="0.977" /><testcase classname="backend.tests.test_backend.TestSeed" name="test_branches_seeded" time="1.232" /><testcase classname="backend.tests.test_backend.TestSeed" name="test_categories_seeded" time="3.189" /><testcase classname="backend.tests.test_backend.TestSeed" name="test_menu_items_seeded" time="2.219" /><testcase classname="backend.tests.test_backend.TestRemovedEndpoints" name="test_weather_404" time="0.044" /><testcase classname="backend.tests.test_backend.TestBookingsAndConflict" name="test_staff_creates_booking_with_gst_stamp" time="3.209" /><testcase classname="backend.tests.test_backend.TestBookingsAndConflict" name="test_overlap_partial_conflict" time="1.028" /><testcase classname="backend.tests.test_backend.TestBookingsAndConflict" name="test_touching_boundary_no_conflict" time="3.147" /><testcase classname="backend.tests.test_backend.TestBookingsAndConflict" name="test_fully_inside_conflict" time="0.988" /><testcase classname="backend.tests.test_backend.TestBookingsAndConflict" name="test_fully_containing_conflict" time="3.194" /><testcase classname="backend.tests.test_backend.TestBookingsAndConflict" name="test_ignore_conflict_bypass" time="1.962" /><testcase classname="backend.tests.test_backend.TestBookingsAndConflict" name="test_patch_time_triggers_conflict" time="6.712" /><testcase classname="backend.tests.test_backend.TestBookingsAndConflict" name="test_patch_status_completed" time="4.587" /><testcase classname="backend.tests.test_backend.TestBookingsAndConflict" name="test_cancelled_booking_does_not_conflict" time="6.344" /><testcase classname="backend.tests.test_backend.TestBookingsAndConflict" name="test_staff_cross_branch_forbidden" time="0.734" /><testcase classname="backend.tests.test_backend.TestOvernightBookings" name="test_overnight_booking_accepted_and_end_at_next_day" time="2.198" /><testcase classname="backend.tests.test_backend.TestOvernightBookings" name="test_response_includes_start_at_end_at_for_normal_booking" time="2.129" /><testcase classname="backend.tests.test_backend.TestOvernightBookings" name="test_same_date_overlap_with_overnight" time="3.173" /><testcase classname="backend.tests.test_backend.TestOvernightBookings" name="test_cross_date_overlap_with_overnight" time="4.041" /><testcase classname="backend.tests.test_backend.TestOvernightBookings" name="test_cross_date_non_overlap_after_overnight" time="4.329" /><testcase classname="backend.tests.test_backend.TestOvernightBookings" name="test_patch_recomputes_start_at_end_at" time="4.567" /><testcase classname="backend.tests.test_backend.TestOvernightBookings" name="test_patch_conflict_check_uses_new_range" time="5.775" /><testcase classname="backend.tests.test_backend.TestOvernightBookings" name="test_discount_percent_only_accepted" time="2.131" /><testcase classname="backend.tests.test_backend.TestUsersRBAC" name="test_manager_creates_user" time="2.683" /><testcase classname="backend.tests.test_backend.TestUsersRBAC" name="test_manager_cannot_create_manager" time="0.734" /><testcase classname="backend.tests.test_backend.TestUsersRBAC" name="test_manager_cannot_create_admin" time="0.756" /><testcase classname="backend.tests.test_backend.TestBranchAdmin" name="test_admin_create_branch" time="1.974" /><testcase classname="backend.tests.test_backend.TestBranchAdmin" name="test_admin_update_branch_fields" time="2.129" /><testcase classname="backend.tests.test_backend.TestBranchAdmin" name="test_manager_can_only_update_gst" time="4.348" /><testcase classname="backend.tests.test_backend.TestBranchAdmin" name="test_manager_cannot_update_other_branch" time="1.030" /><testcase classname="backend.tests.test_backend.TestAnalyticsAndSettings" name="test_analytics_summary_shape" time="1.208" /><testcase classname="backend.tests.test_backend.TestAnalyticsAndSettings" name="test_admin_updates_settings_logo" time="30.954" /></testsuite></testsuites>