<?xml version="1.0" encoding="utf-8"?><testsuites name="pytest tests"><testsuite name="pytest" errors="0" failures="0" skipped="0" tests="65" time="192.431" timestamp="2026-06-06T10:36:34.018948+00:00" hostname="agent-env-7b851e8f-95c6-4749-a536-c936c1377d91"><testcase classname="backend.tests.test_backend.TestAuth" name="test_admin_login" time="1.373" /><testcase classname="backend.tests.test_backend.TestAuth" name="test_manager_login" time="0.965" /><testcase classname="backend.tests.test_backend.TestAuth" name="test_staff_login" time="0.970" /><testcase classname="backend.tests.test_backend.TestAuth" name="test_me_admin" time="0.744" /><testcase classname="backend.tests.test_backend.TestAuth" name="test_me_invalid_token" time="0.049" /><testcase classname="backend.tests.test_backend.TestAuth" name="test_login_wrong_password" time="0.972" /><testcase classname="backend.tests.test_backend.TestSeed" name="test_branches_seeded" time="0.974" /><testcase classname="backend.tests.test_backend.TestSeed" name="test_categories_seeded" time="3.414" /><testcase classname="backend.tests.test_backend.TestSeed" name="test_menu_items_seeded" time="2.187" /><testcase classname="backend.tests.test_backend.TestRemovedEndpoints" name="test_weather_404" time="0.046" /><testcase classname="backend.tests.test_backend.TestBookingsAndConflict" name="test_staff_creates_booking_with_gst_stamp" time="2.375" /><testcase classname="backend.tests.test_backend.TestBookingsAndConflict" name="test_overlap_partial_conflict" time="1.216" /><testcase classname="backend.tests.test_backend.TestBookingsAndConflict" name="test_touching_boundary_no_conflict" time="2.145" /><testcase classname="backend.tests.test_backend.TestBookingsAndConflict" name="test_fully_inside_conflict" time="0.983" /><testcase classname="backend.tests.test_backend.TestBookingsAndConflict" name="test_fully_containing_conflict" time="3.122" /><testcase classname="backend.tests.test_backend.TestBookingsAndConflict" name="test_ignore_conflict_bypass" time="1.918" /><testcase classname="backend.tests.test_backend.TestBookingsAndConflict" name="test_patch_time_triggers_conflict" time="6.199" /><testcase classname="backend.tests.test_backend.TestBookingsAndConflict" name="test_patch_status_completed" time="4.291" /><testcase classname="backend.tests.test_backend.TestBookingsAndConflict" name="test_cancelled_booking_does_not_conflict" time="6.196" /><testcase classname="backend.tests.test_backend.TestBookingsAndConflict" name="test_staff_cross_branch_forbidden" time="0.750" /><testcase classname="backend.tests.test_backend.TestOvernightBookings" name="test_overnight_booking_accepted_and_end_at_next_day" time="2.140" /><testcase classname="backend.tests.test_backend.TestOvernightBookings" name="test_response_includes_start_at_end_at_for_normal_booking" time="2.149" /><testcase classname="backend.tests.test_backend.TestOvernightBookings" name="test_same_date_overlap_with_overnight" time="3.125" /><testcase classname="backend.tests.test_backend.TestOvernightBookings" name="test_cross_date_overlap_with_overnight" time="3.124" /><testcase classname="backend.tests.test_backend.TestOvernightBookings" name="test_cross_date_non_overlap_after_overnight" time="4.288" /><testcase classname="backend.tests.test_backend.TestOvernightBookings" name="test_patch_recomputes_start_at_end_at" time="4.526" /><testcase classname="backend.tests.test_backend.TestOvernightBookings" name="test_patch_conflict_check_uses_new_range" time="5.724" /><testcase classname="backend.tests.test_backend.TestOvernightBookings" name="test_discount_percent_only_accepted" time="2.148" /><testcase classname="backend.tests.test_backend.TestUsersRBAC" name="test_manager_creates_user" time="2.364" /><testcase classname="backend.tests.test_backend.TestUsersRBAC" name="test_manager_cannot_create_manager" time="0.740" /><testcase classname="backend.tests.test_backend.TestUsersRBAC" name="test_manager_cannot_create_admin" time="0.746" /><testcase classname="backend.tests.test_backend.TestBranchAdmin" name="test_admin_create_branch" time="1.909" /><testcase classname="backend.tests.test_backend.TestBranchAdmin" name="test_admin_update_branch_fields" time="2.144" /><testcase classname="backend.tests.test_backend.TestBranchAdmin" name="test_manager_can_only_update_gst" time="4.055" /><testcase classname="backend.tests.test_backend.TestBranchAdmin" name="test_manager_cannot_update_other_branch" time="0.974" /><testcase classname="backend.tests.test_backend.TestAnalyticsAndSettings" name="test_analytics_summary_shape" time="3.094" /><testcase classname="backend.tests.test_backend.TestAnalyticsAndSettings" name="test_admin_updates_settings_logo" time="3.804" /><testcase classname="backend.tests.test_backend.TestIter4Validators" name="test_create_invalid_event_time_returns_422" time="0.747" /><testcase classname="backend.tests.test_backend.TestIter4Validators" name="test_create_invalid_event_date_returns_422" time="0.740" /><testcase classname="backend.tests.test_backend.TestIter4Validators" name="test_patch_invalid_event_time_returns_422" time="3.336" /><testcase classname="backend.tests.test_backend.TestIter4Validators" name="test_patch_invalid_event_date_returns_422" time="2.897" /><testcase classname="backend.tests.test_backend.TestIter4PerPersonPricing" name="test_total_amount_per_person_with_gst" time="2.141" /><testcase classname="backend.tests.test_backend.TestIter4PerPersonPricing" name="test_total_amount_quantity_is_ignored" time="2.150" /><testcase classname="backend.tests.test_backend.TestIter4PerPersonPricing" name="test_patch_num_people_recomputes_total" time="4.303" /><testcase classname="backend.tests.test_backend.TestIter4PerPersonPricing" name="test_patch_items_and_discount_recomputes_total" time="4.312" /><testcase classname="backend.tests.test_backend.TestIter4AnalyticsConsistency" name="test_analytics_summary_uses_stored_totals" time="3.062" /><testcase classname="backend.tests.test_backend.TestIter4AnalyticsConsistency" name="test_analytics_sales_matches_sum_of_listed_total_amount" time="3.589" /><testcase classname="backend.tests.test_backend.TestIter4ListBookingsCompleted" name="test_completed_booking_listed_by_get_bookings" time="5.293" /><testcase classname="backend.tests.test_backend.TestIter4Realtime" name="test_publication_includes_bookings_signal_not_bookings" time="1.873" /><testcase classname="backend.tests.test_backend.TestIter4Realtime" name="test_anon_policy_only_on_bookings_signal" time="0.236" /><testcase classname="backend.tests.test_backend.TestIter4Realtime" name="test_trigger_emits_signal_on_booking_insert" time="2.381" /><testcase classname="backend.tests.test_backend.TestIter4Realtime" name="test_trigger_emits_signal_on_update_and_delete" time="6.815" /><testcase classname="backend.tests.test_backend.TestIter5Bootstrap" name="test_bootstrap_requires_auth" time="0.046" /><testcase classname="backend.tests.test_backend.TestIter5Bootstrap" name="test_bootstrap_invalid_token_401" time="0.044" /><testcase classname="backend.tests.test_backend.TestIter5Bootstrap" name="test_bootstrap_admin_shape_and_keys" time="1.924" /><testcase classname="backend.tests.test_backend.TestIter5Bootstrap" name="test_bootstrap_user_matches_auth_me" time="3.084" /><testcase classname="backend.tests.test_backend.TestIter5Bootstrap" name="test_bootstrap_admin_sees_all_branches_bookings" time="2.916" /><testcase classname="backend.tests.test_backend.TestIter5Bootstrap" name="test_bootstrap_manager_scoped_to_own_branch" time="1.688" /><testcase classname="backend.tests.test_backend.TestIter5Bootstrap" name="test_bootstrap_staff_scoped_to_own_branch" time="1.652" /><testcase classname="backend.tests.test_backend.TestIter5Bootstrap" name="test_bootstrap_manager2_isolated_from_manager1" time="3.126" /><testcase classname="backend.tests.test_backend.TestIter5Bootstrap" name="test_bootstrap_booking_includes_full_fields" time="3.817" /><testcase classname="backend.tests.test_backend.TestIter5Bootstrap" name="test_bootstrap_branches_match_branches_endpoint" time="2.627" /><testcase classname="backend.tests.test_backend.TestIter5Bootstrap" name="test_auth_me_still_works" time="2.231" /><testcase classname="backend.tests.test_backend.TestIter5Indexes" name="test_bookings_indexes_present" time="0.236" /><testcase classname="backend.tests.test_backend.TestIter5Indexes" name="test_users_branch_id_index_present" time="37.109" /></testsuite></testsuites>